<?xml version="1.0" encoding="UTF-8"?>
<testng-results ignored="0" total="1" passed="1" failed="0" skipped="0">
  <reporter-output>
  </reporter-output>
  <suite started-at="2024-04-30T10:04:14 IST" name="Surefire suite" finished-at="2024-04-30T10:04:14 IST" duration-ms="16">
    <groups>
    </groups>
    <test started-at="2024-04-30T10:04:14 IST" name="Surefire test" finished-at="2024-04-30T10:04:14 IST" duration-ms="16">
      <class name="com.rts.JenkinsSample1.AppTest">
        <test-method signature="testApp()" started-at="2024-04-30T10:04:14 IST" name="testApp" finished-at="2024-04-30T10:04:14 IST" duration-ms="2" status="PASS">
          <reporter-output>
          </reporter-output>
        </test-method> <!-- testApp -->
      </class> <!-- com.rts.JenkinsSample1.AppTest -->
    </test> <!-- Surefire test -->
  </suite> <!-- Surefire suite -->
</testng-results>
