<?xml version="1.0" encoding="UTF-8"?>
<!-- Generated by org.testng.reporters.JUnitXMLReporter -->
<testsuite ignored="0" hostname="RLP2140" failures="0" tests="4" name="Surefire test" time="0.033" errors="0" timestamp="2024-04-30T10:04:14 IST">
  <testcase classname="com.rts.JenkinsSample1.TestWorking" name="testAddToLog1" time="0.008"/>
  <testcase classname="com.rts.JenkinsSample1.TestWorking" name="testAddToLog2" time="0.0"/>
  <testcase classname="com.rts.JenkinsSample1.TestWorking" name="testAddToLogins1" time="0.0"/>
  <testcase classname="com.rts.JenkinsSample1.TestWorking" name="testAddToLogins2" time="0.001"/>
</testsuite> <!-- Surefire test -->
